<?xml version="1.0" encoding="UTF-8"?>
<!-- Generated by org.testng.reporters.JUnitXMLReporter -->
<testsuite ignored="0" hostname="IVLT-WIN" failures="0" tests="3" name="Validating Home Elements" time="8.838" errors="0" timestamp="2022-04-18T22:34:10 BOT">
  <testcase classname="academy.validateHomeElements" name="validateApplicationMainTitle" time="0.064"/>
  <testcase classname="academy.validateHomeElements" name="validateApplicationNavBar" time="0.113"/>
  <testcase classname="academy.validateHomeElements" name="validateApplicationTitle" time="0.104"/>
</testsuite> <!-- Validating Home Elements -->
