<?xml version="1.0" encoding="UTF-8"?>
<testng-results ignored="0" total="5" passed="5" failed="0" skipped="0">
  <reporter-output>
  </reporter-output>
  <suite started-at="2022-04-17T23:50:28 BOT" name="Suite" finished-at="2022-04-17T23:51:42 BOT" duration-ms="73791">
    <groups>
    </groups>
    <test started-at="2022-04-17T23:50:28 BOT" name="App Test" finished-at="2022-04-17T23:50:28 BOT" duration-ms="17">
    </test> <!-- App Test -->
    <test started-at="2022-04-17T23:50:28 BOT" name="Unicorn Test" finished-at="2022-04-17T23:50:35 BOT" duration-ms="7647">
      <class name="academy.UnicornValidationTest">
        <test-method is-config="true" signature="initialize()[pri:0, instance:academy.UnicornValidationTest@f27ea3]" started-at="2022-04-17T23:50:28 BOT" name="initialize" finished-at="2022-04-17T23:50:34 BOT" duration-ms="5893" status="PASS">
          <reporter-output>
          </reporter-output>
        </test-method> <!-- initialize -->
        <test-method signature="basePageNavigation()[pri:0, instance:academy.UnicornValidationTest@f27ea3]" started-at="2022-04-17T23:50:34 BOT" name="basePageNavigation" finished-at="2022-04-17T23:50:34 BOT" duration-ms="18" status="PASS">
          <reporter-output>
          </reporter-output>
        </test-method> <!-- basePageNavigation -->
        <test-method is-config="true" signature="tearDown()[pri:0, instance:academy.UnicornValidationTest@f27ea3]" started-at="2022-04-17T23:50:34 BOT" name="tearDown" finished-at="2022-04-17T23:50:35 BOT" duration-ms="1629" status="PASS">
          <reporter-output>
          </reporter-output>
        </test-method> <!-- tearDown -->
      </class> <!-- academy.UnicornValidationTest -->
    </test> <!-- Unicorn Test -->
    <test started-at="2022-04-17T23:50:28 BOT" name="Validating Title" finished-at="2022-04-17T23:51:11 BOT" duration-ms="43728">
      <class name="academy.validateTitle">
        <test-method is-config="true" signature="initialize()[pri:0, instance:academy.validateTitle@25ddbbbb]" started-at="2022-04-17T23:50:28 BOT" name="initialize" finished-at="2022-04-17T23:51:10 BOT" duration-ms="42699" status="PASS">
          <reporter-output>
          </reporter-output>
        </test-method> <!-- initialize -->
        <test-method signature="basePageNavigation()[pri:0, instance:academy.validateTitle@25ddbbbb]" started-at="2022-04-17T23:51:10 BOT" name="basePageNavigation" finished-at="2022-04-17T23:51:11 BOT" duration-ms="276" status="PASS">
          <reporter-output>
          </reporter-output>
        </test-method> <!-- basePageNavigation -->
        <test-method is-config="true" signature="tearDown()[pri:0, instance:academy.validateTitle@25ddbbbb]" started-at="2022-04-17T23:51:11 BOT" name="tearDown" finished-at="2022-04-17T23:51:11 BOT" duration-ms="747" status="PASS">
          <reporter-output>
          </reporter-output>
        </test-method> <!-- tearDown -->
      </class> <!-- academy.validateTitle -->
    </test> <!-- Validating Title -->
    <test started-at="2022-04-17T23:50:28 BOT" name="Validating NavBar" finished-at="2022-04-17T23:51:34 BOT" duration-ms="66242">
      <class name="academy.validateNavBar">
        <test-method is-config="true" signature="initialize()[pri:0, instance:academy.validateNavBar@7fcbe147]" started-at="2022-04-17T23:50:28 BOT" name="initialize" finished-at="2022-04-17T23:51:34 BOT" duration-ms="65794" status="PASS">
          <reporter-output>
          </reporter-output>
        </test-method> <!-- initialize -->
        <test-method signature="basePageNavigation()[pri:0, instance:academy.validateNavBar@7fcbe147]" started-at="2022-04-17T23:51:34 BOT" name="basePageNavigation" finished-at="2022-04-17T23:51:34 BOT" duration-ms="185" status="PASS">
          <reporter-output>
          </reporter-output>
        </test-method> <!-- basePageNavigation -->
        <test-method is-config="true" signature="tearDown()[pri:0, instance:academy.validateNavBar@7fcbe147]" started-at="2022-04-17T23:51:34 BOT" name="tearDown" finished-at="2022-04-17T23:51:34 BOT" duration-ms="255" status="PASS">
          <reporter-output>
          </reporter-output>
        </test-method> <!-- tearDown -->
      </class> <!-- academy.validateNavBar -->
    </test> <!-- Validating NavBar -->
    <test started-at="2022-04-17T23:50:28 BOT" name="Homepage" finished-at="2022-04-17T23:51:42 BOT" duration-ms="73776">
      <class name="academy.HomePage">
        <test-method is-config="true" signature="initialize()[pri:0, instance:academy.HomePage@305f031]" started-at="2022-04-17T23:50:28 BOT" name="initialize" finished-at="2022-04-17T23:50:34 BOT" duration-ms="5888" status="PASS">
          <reporter-output>
          </reporter-output>
        </test-method> <!-- initialize -->
        <test-method signature="basePageNavigation(java.lang.String,java.lang.String,java.lang.String,java.lang.String)[pri:0, instance:academy.HomePage@305f031]" started-at="2022-04-17T23:50:34 BOT" name="basePageNavigation" data-provider="getData" finished-at="2022-04-17T23:51:20 BOT" duration-ms="46044" status="PASS">
          <params>
            <param index="0">
              <value>
                <![CDATA[First Set]]>
              </value>
            </param>
            <param index="1">
              <value>
                <![CDATA[nonrestricteduser@amazingqa.com]]>
              </value>
            </param>
            <param index="2">
              <value>
                <![CDATA[amazing]]>
              </value>
            </param>
            <param index="3">
              <value>
                <![CDATA[Non Restricted User]]>
              </value>
            </param>
          </params>
          <reporter-output>
          </reporter-output>
        </test-method> <!-- basePageNavigation -->
        <test-method signature="basePageNavigation(java.lang.String,java.lang.String,java.lang.String,java.lang.String)[pri:0, instance:academy.HomePage@305f031]" started-at="2022-04-17T23:51:20 BOT" name="basePageNavigation" data-provider="getData" finished-at="2022-04-17T23:51:41 BOT" duration-ms="21490" status="PASS">
          <params>
            <param index="0">
              <value>
                <![CDATA[Second Set]]>
              </value>
            </param>
            <param index="1">
              <value>
                <![CDATA[restricteduser@amazingqa.com]]>
              </value>
            </param>
            <param index="2">
              <value>
                <![CDATA[amazingNOT]]>
              </value>
            </param>
            <param index="3">
              <value>
                <![CDATA[Restricted User]]>
              </value>
            </param>
          </params>
          <reporter-output>
          </reporter-output>
        </test-method> <!-- basePageNavigation -->
        <test-method is-config="true" signature="tearDown()[pri:0, instance:academy.HomePage@305f031]" started-at="2022-04-17T23:51:41 BOT" name="tearDown" finished-at="2022-04-17T23:51:42 BOT" duration-ms="259" status="PASS">
          <reporter-output>
          </reporter-output>
        </test-method> <!-- tearDown -->
      </class> <!-- academy.HomePage -->
    </test> <!-- Homepage -->
  </suite> <!-- Suite -->
</testng-results>
